{"timestamp": "2025-10-20T20:27:56.012018", "target_name": "GitHub", "target_type": "website", "status_change": "down->up", "details": "Response time: 0.08s"}
{"timestamp": "2025-10-20T20:48:32.247887", "target_name": "GitHub", "target_type": "website", "status_change": "unknown->up", "details": "Response time: 0.11s"}
{"timestamp": "2025-10-20T20:48:32.248371", "target_name": "GitHub", "target_type": "website", "status_change": "up", "details": "Response time: 0.11s"}
{"timestamp": "2025-10-20T20:48:32.248698", "target_name": "Google", "target_type": "website", "status_change": "unknown->up", "details": "Response time: 0.18s"}
{"timestamp": "2025-10-20T20:48:32.251908", "target_name": "Google", "target_type": "website", "status_change": "up", "details": "Response time: 0.18s"}
{"timestamp": "2025-10-20T20:48:32.252183", "target_name": "Company API", "target_type": "website", "status_change": "unknown->down", "details": "Error: Health check failed: Connection error: HTTPSConnectionPool(host='api.example.com', port=443): Max retries exceeded with url: /health (Caused by NameResolutionError(\"<urllib3.connection.HTTPSConnection object at 0x000002E030D0FED0>: Failed to resolve 'api.example.com' ([Errno 11002] getaddrinfo failed)\"))"}
{"timestamp": "2025-10-20T20:48:32.252450", "target_name": "Company API", "target_type": "website", "status_change": "down", "details": "Error: Health check failed: Connection error: HTTPSConnectionPool(host='api.example.com', port=443): Max retries exceeded with url: /health (Caused by NameResolutionError(\"<urllib3.connection.HTTPSConnection object at 0x000002E030D0FED0>: Failed to resolve 'api.example.com' ([Errno 11002] getaddrinfo failed)\"))"}
{"timestamp": "2025-10-20T20:48:32.252747", "target_name": "Staging DB", "target_type": "database", "status_change": "unknown->down", "details": "Error: Database health check failed: Database operational error: could not translate host name \"staging-db.example.com\" to address: Name or service not known"}
{"timestamp": "2025-10-20T20:48:32.253042", "target_name": "Staging DB", "target_type": "database", "status_change": "down", "details": "Error: Database health check failed: Database operational error: could not translate host name \"staging-db.example.com\" to address: Name or service not known"}
{"timestamp": "2025-10-20T20:48:32.253313", "target_name": "Production DB", "target_type": "database", "status_change": "unknown->down", "details": "Error: Database health check failed: Database operational error: could not translate host name \"prod-db.example.com\" to address: Name or service not known"}
{"timestamp": "2025-10-20T20:48:32.253546", "target_name": "Production DB", "target_type": "database", "status_change": "down", "details": "Error: Database health check failed: Database operational error: could not translate host name \"prod-db.example.com\" to address: Name or service not known"}
{"timestamp": "2025-10-20T20:48:32.253776", "target_name": "Azure PostgreSQL", "target_type": "database", "status_change": "unknown->down", "details": "Error: Database health check failed: Connection timeout: connection to server at \"myserver.postgres.database.azure.com\" (4.196.124.9), port 5432 failed: timeout expired"}
{"timestamp": "2025-10-20T20:48:32.254008", "target_name": "Azure PostgreSQL", "target_type": "database", "status_change": "down", "details": "Error: Database health check failed: Connection timeout: connection to server at \"myserver.postgres.database.azure.com\" (4.196.124.9), port 5432 failed: timeout expired"}
{"timestamp": "2025-10-20T20:48:32.270884", "target_name": "system", "target_type": "application", "status_change": "running->error", "details": "ヘルスチェック実行中にエラーが発生しました: 'StatusDisplay' object has no attribute 'display_status'"}
{"timestamp": "2025-10-20T20:48:32.271428", "target_name": "system", "target_type": "application", "status_change": "running->shutting_down", "details": "Graceful shutdown initiated"}
{"timestamp": "2025-10-20T20:48:32.271859", "target_name": "GitHub", "target_type": "website", "status_change": "up->shutdown", "details": "Application shutdown - final status recorded"}
{"timestamp": "2025-10-20T20:48:32.272185", "target_name": "Google", "target_type": "website", "status_change": "up->shutdown", "details": "Application shutdown - final status recorded"}
{"timestamp": "2025-10-20T20:48:32.272421", "target_name": "Company API", "target_type": "website", "status_change": "down->shutdown", "details": "Application shutdown - final status recorded"}
{"timestamp": "2025-10-20T20:48:32.272649", "target_name": "Staging DB", "target_type": "database", "status_change": "down->shutdown", "details": "Application shutdown - final status recorded"}
{"timestamp": "2025-10-20T20:48:32.272865", "target_name": "Production DB", "target_type": "database", "status_change": "down->shutdown", "details": "Application shutdown - final status recorded"}
{"timestamp": "2025-10-20T20:48:32.273097", "target_name": "Azure PostgreSQL", "target_type": "database", "status_change": "down->shutdown", "details": "Application shutdown - final status recorded"}
{"timestamp": "2025-10-20T20:48:37.280034", "target_name": "system", "target_type": "application", "status_change": "shutting_down->shutdown_complete", "details": "Graceful shutdown completed successfully"}
{"timestamp": "2025-10-20T20:49:58.768750", "target_name": "GitHub", "target_type": "website", "status_change": "unknown->up", "details": "Response time: 0.10s"}
{"timestamp": "2025-10-20T20:49:58.769387", "target_name": "GitHub", "target_type": "website", "status_change": "up", "details": "Response time: 0.10s"}
{"timestamp": "2025-10-20T20:49:58.769698", "target_name": "Google", "target_type": "website", "status_change": "unknown->up", "details": "Response time: 0.16s"}
{"timestamp": "2025-10-20T20:49:58.769964", "target_name": "Google", "target_type": "website", "status_change": "up", "details": "Response time: 0.16s"}
{"timestamp": "2025-10-20T20:49:58.770276", "target_name": "Company API", "target_type": "website", "status_change": "unknown->down", "details": "Error: Health check failed: Connection error: HTTPSConnectionPool(host='api.example.com', port=443): Max retries exceeded with url: /health (Caused by NameResolutionError(\"<urllib3.connection.HTTPSConnection object at 0x000001DAEB23BC50>: Failed to resolve 'api.example.com' ([Errno 11001] getaddrinfo failed)\"))"}
{"timestamp": "2025-10-20T20:49:58.770553", "target_name": "Company API", "target_type": "website", "status_change": "down", "details": "Error: Health check failed: Connection error: HTTPSConnectionPool(host='api.example.com', port=443): Max retries exceeded with url: /health (Caused by NameResolutionError(\"<urllib3.connection.HTTPSConnection object at 0x000001DAEB23BC50>: Failed to resolve 'api.example.com' ([Errno 11001] getaddrinfo failed)\"))"}
{"timestamp": "2025-10-20T20:49:58.770809", "target_name": "Staging DB", "target_type": "database", "status_change": "unknown->down", "details": "Error: Database health check failed: Database operational error: could not translate host name \"staging-db.example.com\" to address: Name or service not known"}
{"timestamp": "2025-10-20T20:49:58.771052", "target_name": "Staging DB", "target_type": "database", "status_change": "down", "details": "Error: Database health check failed: Database operational error: could not translate host name \"staging-db.example.com\" to address: Name or service not known"}
{"timestamp": "2025-10-20T20:49:58.771278", "target_name": "Production DB", "target_type": "database", "status_change": "unknown->down", "details": "Error: Database health check failed: Database operational error: could not translate host name \"prod-db.example.com\" to address: Name or service not known"}
{"timestamp": "2025-10-20T20:49:58.771560", "target_name": "Production DB", "target_type": "database", "status_change": "down", "details": "Error: Database health check failed: Database operational error: could not translate host name \"prod-db.example.com\" to address: Name or service not known"}
{"timestamp": "2025-10-20T20:49:58.771848", "target_name": "Azure PostgreSQL", "target_type": "database", "status_change": "unknown->down", "details": "Error: Database health check failed: Connection timeout: connection to server at \"myserver.postgres.database.azure.com\" (4.196.124.9), port 5432 failed: timeout expired"}
{"timestamp": "2025-10-20T20:49:58.772143", "target_name": "Azure PostgreSQL", "target_type": "database", "status_change": "down", "details": "Error: Database health check failed: Connection timeout: connection to server at \"myserver.postgres.database.azure.com\" (4.196.124.9), port 5432 failed: timeout expired"}
{"timestamp": "2025-10-20T20:49:58.791292", "target_name": "system", "target_type": "application", "status_change": "running->error", "details": "ヘルスチェック実行中にエラーが発生しました: 'StatusDisplay' object has no attribute 'display_status'"}
{"timestamp": "2025-10-20T20:49:58.791797", "target_name": "system", "target_type": "application", "status_change": "running->shutting_down", "details": "Graceful shutdown initiated"}
{"timestamp": "2025-10-20T20:49:58.792133", "target_name": "GitHub", "target_type": "website", "status_change": "up->shutdown", "details": "Application shutdown - final status recorded"}
{"timestamp": "2025-10-20T20:49:58.792369", "target_name": "Google", "target_type": "website", "status_change": "up->shutdown", "details": "Application shutdown - final status recorded"}
{"timestamp": "2025-10-20T20:49:58.792572", "target_name": "Company API", "target_type": "website", "status_change": "down->shutdown", "details": "Application shutdown - final status recorded"}
{"timestamp": "2025-10-20T20:49:58.792821", "target_name": "Staging DB", "target_type": "database", "status_change": "down->shutdown", "details": "Application shutdown - final status recorded"}
{"timestamp": "2025-10-20T20:49:58.793046", "target_name": "Production DB", "target_type": "database", "status_change": "down->shutdown", "details": "Application shutdown - final status recorded"}
{"timestamp": "2025-10-20T20:49:58.793243", "target_name": "Azure PostgreSQL", "target_type": "database", "status_change": "down->shutdown", "details": "Application shutdown - final status recorded"}
{"timestamp": "2025-10-20T20:50:03.796350", "target_name": "system", "target_type": "application", "status_change": "shutting_down->shutdown_complete", "details": "Graceful shutdown completed successfully"}
{"timestamp": "2025-10-20T21:24:34.380590", "target_name": "GitHub", "target_type": "website", "status_change": "unknown->up", "details": "Response time: 0.09s"}
{"timestamp": "2025-10-20T21:24:34.381050", "target_name": "GitHub", "target_type": "website", "status_change": "up", "details": "Response time: 0.09s"}
{"timestamp": "2025-10-20T21:24:34.381384", "target_name": "Google", "target_type": "website", "status_change": "unknown->up", "details": "Response time: 0.20s"}
{"timestamp": "2025-10-20T21:24:34.381634", "target_name": "Google", "target_type": "website", "status_change": "up", "details": "Response time: 0.20s"}
{"timestamp": "2025-10-20T21:24:34.381880", "target_name": "Company API", "target_type": "website", "status_change": "unknown->down", "details": "Error: Health check failed: Connection error: HTTPSConnectionPool(host='api.example.com', port=443): Max retries exceeded with url: /health (Caused by NameResolutionError(\"<urllib3.connection.HTTPSConnection object at 0x000001BB7F3AA710>: Failed to resolve 'api.example.com' ([Errno 11002] getaddrinfo failed)\"))"}
{"timestamp": "2025-10-20T21:24:34.382134", "target_name": "Company API", "target_type": "website", "status_change": "down", "details": "Error: Health check failed: Connection error: HTTPSConnectionPool(host='api.example.com', port=443): Max retries exceeded with url: /health (Caused by NameResolutionError(\"<urllib3.connection.HTTPSConnection object at 0x000001BB7F3AA710>: Failed to resolve 'api.example.com' ([Errno 11002] getaddrinfo failed)\"))"}
{"timestamp": "2025-10-20T21:24:34.382416", "target_name": "Production DB", "target_type": "database", "status_change": "unknown->down", "details": "Error: Database health check failed: Database operational error: could not translate host name \"prod-db.example.com\" to address: Temporary failure in name resolution"}
{"timestamp": "2025-10-20T21:24:34.382792", "target_name": "Production DB", "target_type": "database", "status_change": "down", "details": "Error: Database health check failed: Database operational error: could not translate host name \"prod-db.example.com\" to address: Temporary failure in name resolution"}
{"timestamp": "2025-10-20T21:24:34.383108", "target_name": "Staging DB", "target_type": "database", "status_change": "unknown->down", "details": "Error: Database health check failed: Database operational error: could not translate host name \"staging-db.example.com\" to address: Name or service not known"}
{"timestamp": "2025-10-20T21:24:34.383395", "target_name": "Staging DB", "target_type": "database", "status_change": "down", "details": "Error: Database health check failed: Database operational error: could not translate host name \"staging-db.example.com\" to address: Name or service not known"}
{"timestamp": "2025-10-20T21:24:34.383641", "target_name": "Azure PostgreSQL", "target_type": "database", "status_change": "unknown->down", "details": "Error: Database health check failed: Connection timeout: connection to server at \"myserver.postgres.database.azure.com\" (4.196.124.9), port 5432 failed: timeout expired"}
{"timestamp": "2025-10-20T21:24:34.383876", "target_name": "Azure PostgreSQL", "target_type": "database", "status_change": "down", "details": "Error: Database health check failed: Connection timeout: connection to server at \"myserver.postgres.database.azure.com\" (4.196.124.9), port 5432 failed: timeout expired"}
{"timestamp": "2025-10-20T21:25:37.991305", "target_name": "GitHub", "target_type": "website", "status_change": "unknown->up", "details": "Response time: 0.11s"}
{"timestamp": "2025-10-20T21:25:37.991787", "target_name": "GitHub", "target_type": "website", "status_change": "up", "details": "Response time: 0.11s"}
{"timestamp": "2025-10-20T21:25:37.992045", "target_name": "Google", "target_type": "website", "status_change": "unknown->up", "details": "Response time: 0.19s"}
{"timestamp": "2025-10-20T21:25:37.992284", "target_name": "Google", "target_type": "website", "status_change": "up", "details": "Response time: 0.19s"}
{"timestamp": "2025-10-20T21:25:37.992532", "target_name": "Company API", "target_type": "website", "status_change": "unknown->down", "details": "Error: Health check failed: Connection error: HTTPSConnectionPool(host='api.example.com', port=443): Max retries exceeded with url: /health (Caused by NameResolutionError(\"<urllib3.connection.HTTPSConnection object at 0x000001B7AC2ABB10>: Failed to resolve 'api.example.com' ([Errno 11002] getaddrinfo failed)\"))"}
{"timestamp": "2025-10-20T21:25:37.992778", "target_name": "Company API", "target_type": "website", "status_change": "down", "details": "Error: Health check failed: Connection error: HTTPSConnectionPool(host='api.example.com', port=443): Max retries exceeded with url: /health (Caused by NameResolutionError(\"<urllib3.connection.HTTPSConnection object at 0x000001B7AC2ABB10>: Failed to resolve 'api.example.com' ([Errno 11002] getaddrinfo failed)\"))"}
{"timestamp": "2025-10-20T21:25:37.993031", "target_name": "Production DB", "target_type": "database", "status_change": "unknown->down", "details": "Error: Database health check failed: Database operational error: could not translate host name \"prod-db.example.com\" to address: Name or service not known"}
{"timestamp": "2025-10-20T21:25:37.993258", "target_name": "Production DB", "target_type": "database", "status_change": "down", "details": "Error: Database health check failed: Database operational error: could not translate host name \"prod-db.example.com\" to address: Name or service not known"}
{"timestamp": "2025-10-20T21:25:37.993484", "target_name": "Staging DB", "target_type": "database", "status_change": "unknown->down", "details": "Error: Database health check failed: Database operational error: could not translate host name \"staging-db.example.com\" to address: Name or service not known"}
{"timestamp": "2025-10-20T21:25:37.993735", "target_name": "Staging DB", "target_type": "database", "status_change": "down", "details": "Error: Database health check failed: Database operational error: could not translate host name \"staging-db.example.com\" to address: Name or service not known"}
{"timestamp": "2025-10-20T21:25:37.993974", "target_name": "Azure PostgreSQL", "target_type": "database", "status_change": "unknown->down", "details": "Error: Database health check failed: Connection timeout: connection to server at \"myserver.postgres.database.azure.com\" (4.196.124.9), port 5432 failed: timeout expired"}
{"timestamp": "2025-10-20T21:25:37.994214", "target_name": "Azure PostgreSQL", "target_type": "database", "status_change": "down", "details": "Error: Database health check failed: Connection timeout: connection to server at \"myserver.postgres.database.azure.com\" (4.196.124.9), port 5432 failed: timeout expired"}
{"timestamp": "2025-10-20T21:25:38.010435", "target_name": "system", "target_type": "application", "status_change": "running->error", "details": "ヘルスチェック実行中にエラーが発生しました: 'StatusDisplay' object has no attribute 'display_status'"}
{"timestamp": "2025-10-20T21:25:38.010961", "target_name": "system", "target_type": "application", "status_change": "running->shutting_down", "details": "Graceful shutdown initiated"}
{"timestamp": "2025-10-20T21:25:38.011426", "target_name": "GitHub", "target_type": "website", "status_change": "up->shutdown", "details": "Application shutdown - final status recorded"}
{"timestamp": "2025-10-20T21:25:38.011716", "target_name": "Google", "target_type": "website", "status_change": "up->shutdown", "details": "Application shutdown - final status recorded"}
{"timestamp": "2025-10-20T21:25:38.011995", "target_name": "Company API", "target_type": "website", "status_change": "down->shutdown", "details": "Application shutdown - final status recorded"}
{"timestamp": "2025-10-20T21:25:38.012341", "target_name": "Production DB", "target_type": "database", "status_change": "down->shutdown", "details": "Application shutdown - final status recorded"}
{"timestamp": "2025-10-20T21:25:38.012613", "target_name": "Staging DB", "target_type": "database", "status_change": "down->shutdown", "details": "Application shutdown - final status recorded"}
{"timestamp": "2025-10-20T21:25:38.012842", "target_name": "Azure PostgreSQL", "target_type": "database", "status_change": "down->shutdown", "details": "Application shutdown - final status recorded"}
{"timestamp": "2025-10-20T21:25:43.016278", "target_name": "system", "target_type": "application", "status_change": "shutting_down->shutdown_complete", "details": "Graceful shutdown completed successfully"}
