{"timestamp": "2025-10-21T10:40:31.542153", "target_name": "GitHub", "target_type": "website", "status_change": "unknown->up", "details": "Response time: 0.11s"}
{"timestamp": "2025-10-21T10:40:31.542918", "target_name": "GitHub", "target_type": "website", "status_change": "up", "details": "Response time: 0.11s"}
{"timestamp": "2025-10-21T10:40:31.543352", "target_name": "Google", "target_type": "website", "status_change": "unknown->up", "details": "Response time: 0.27s"}
{"timestamp": "2025-10-21T10:40:31.543652", "target_name": "Google", "target_type": "website", "status_change": "up", "details": "Response time: 0.27s"}
{"timestamp": "2025-10-21T10:40:31.547051", "target_name": "Company API", "target_type": "website", "status_change": "unknown->down", "details": "Error: Health check failed: Connection error: HTTPSConnectionPool(host='api.example.com', port=443): Max retries exceeded with url: /health (Caused by NameResolutionError(\"<urllib3.connection.HTTPSConnection object at 0x00000227B141A210>: Failed to resolve 'api.example.com' ([Errno 11002] getaddrinfo failed)\"))"}
{"timestamp": "2025-10-21T10:40:31.547551", "target_name": "Company API", "target_type": "website", "status_change": "down", "details": "Error: Health check failed: Connection error: HTTPSConnectionPool(host='api.example.com', port=443): Max retries exceeded with url: /health (Caused by NameResolutionError(\"<urllib3.connection.HTTPSConnection object at 0x00000227B141A210>: Failed to resolve 'api.example.com' ([Errno 11002] getaddrinfo failed)\"))"}
{"timestamp": "2025-10-21T10:40:31.547812", "target_name": "Production DB", "target_type": "database", "status_change": "unknown->down", "details": "Error: Database health check failed: Database operational error: could not translate host name \"prod-db.example.com\" to address: Name or service not known"}
{"timestamp": "2025-10-21T10:40:31.548057", "target_name": "Production DB", "target_type": "database", "status_change": "down", "details": "Error: Database health check failed: Database operational error: could not translate host name \"prod-db.example.com\" to address: Name or service not known"}
{"timestamp": "2025-10-21T10:40:31.548293", "target_name": "Staging DB", "target_type": "database", "status_change": "unknown->down", "details": "Error: Database health check failed: Database operational error: could not translate host name \"staging-db.example.com\" to address: Name or service not known"}
{"timestamp": "2025-10-21T10:40:31.548524", "target_name": "Staging DB", "target_type": "database", "status_change": "down", "details": "Error: Database health check failed: Database operational error: could not translate host name \"staging-db.example.com\" to address: Name or service not known"}
{"timestamp": "2025-10-21T10:40:31.548755", "target_name": "Azure PostgreSQL", "target_type": "database", "status_change": "unknown->down", "details": "Error: Database health check failed: Connection timeout: connection to server at \"myserver.postgres.database.azure.com\" (4.196.124.9), port 5432 failed: timeout expired"}
{"timestamp": "2025-10-21T10:40:31.548997", "target_name": "Azure PostgreSQL", "target_type": "database", "status_change": "down", "details": "Error: Database health check failed: Connection timeout: connection to server at \"myserver.postgres.database.azure.com\" (4.196.124.9), port 5432 failed: timeout expired"}
{"timestamp": "2025-10-21T10:40:31.567062", "target_name": "system", "target_type": "application", "status_change": "running->error", "details": "ヘルスチェック実行中にエラーが発生しました: 'StatusDisplay' object has no attribute 'display_status'"}
{"timestamp": "2025-10-21T10:40:31.567482", "target_name": "system", "target_type": "application", "status_change": "running->shutting_down", "details": "Graceful shutdown initiated"}
{"timestamp": "2025-10-21T10:40:31.567804", "target_name": "GitHub", "target_type": "website", "status_change": "up->shutdown", "details": "Application shutdown - final status recorded"}
{"timestamp": "2025-10-21T10:40:31.568022", "target_name": "Google", "target_type": "website", "status_change": "up->shutdown", "details": "Application shutdown - final status recorded"}
{"timestamp": "2025-10-21T10:40:31.568241", "target_name": "Company API", "target_type": "website", "status_change": "down->shutdown", "details": "Application shutdown - final status recorded"}
{"timestamp": "2025-10-21T10:40:31.568437", "target_name": "Production DB", "target_type": "database", "status_change": "down->shutdown", "details": "Application shutdown - final status recorded"}
{"timestamp": "2025-10-21T10:40:31.568625", "target_name": "Staging DB", "target_type": "database", "status_change": "down->shutdown", "details": "Application shutdown - final status recorded"}
{"timestamp": "2025-10-21T10:40:31.568805", "target_name": "Azure PostgreSQL", "target_type": "database", "status_change": "down->shutdown", "details": "Application shutdown - final status recorded"}
{"timestamp": "2025-10-21T10:40:36.586919", "target_name": "system", "target_type": "application", "status_change": "shutting_down->shutdown_complete", "details": "Graceful shutdown completed successfully"}
{"timestamp": "2025-10-21T10:45:39.157576", "target_name": "GitHub", "target_type": "website", "status_change": "unknown->up", "details": "Response time: 0.09s"}
{"timestamp": "2025-10-21T10:45:39.158039", "target_name": "GitHub", "target_type": "website", "status_change": "up", "details": "Response time: 0.09s"}
{"timestamp": "2025-10-21T10:45:39.158311", "target_name": "Google", "target_type": "website", "status_change": "unknown->up", "details": "Response time: 0.49s"}
{"timestamp": "2025-10-21T10:45:39.158570", "target_name": "Google", "target_type": "website", "status_change": "up", "details": "Response time: 0.49s"}
{"timestamp": "2025-10-21T10:45:39.158817", "target_name": "Company API", "target_type": "website", "status_change": "unknown->down", "details": "Error: Health check failed: Connection error: HTTPSConnectionPool(host='api.example.com', port=443): Max retries exceeded with url: /health (Caused by NameResolutionError(\"<urllib3.connection.HTTPSConnection object at 0x00000257E5DBBB10>: Failed to resolve 'api.example.com' ([Errno 11001] getaddrinfo failed)\"))"}
{"timestamp": "2025-10-21T10:45:39.159064", "target_name": "Company API", "target_type": "website", "status_change": "down", "details": "Error: Health check failed: Connection error: HTTPSConnectionPool(host='api.example.com', port=443): Max retries exceeded with url: /health (Caused by NameResolutionError(\"<urllib3.connection.HTTPSConnection object at 0x00000257E5DBBB10>: Failed to resolve 'api.example.com' ([Errno 11001] getaddrinfo failed)\"))"}
{"timestamp": "2025-10-21T10:45:39.159318", "target_name": "Staging DB", "target_type": "database", "status_change": "unknown->down", "details": "Error: Database health check failed: Database operational error: could not translate host name \"staging-db.example.com\" to address: Name or service not known"}
{"timestamp": "2025-10-21T10:45:39.159559", "target_name": "Staging DB", "target_type": "database", "status_change": "down", "details": "Error: Database health check failed: Database operational error: could not translate host name \"staging-db.example.com\" to address: Name or service not known"}
{"timestamp": "2025-10-21T10:45:39.159859", "target_name": "Production DB", "target_type": "database", "status_change": "unknown->down", "details": "Error: Database health check failed: Database operational error: could not translate host name \"prod-db.example.com\" to address: Name or service not known"}
{"timestamp": "2025-10-21T10:45:39.160132", "target_name": "Production DB", "target_type": "database", "status_change": "down", "details": "Error: Database health check failed: Database operational error: could not translate host name \"prod-db.example.com\" to address: Name or service not known"}
{"timestamp": "2025-10-21T10:45:39.160368", "target_name": "Azure PostgreSQL", "target_type": "database", "status_change": "unknown->down", "details": "Error: Database health check failed: Connection timeout: connection to server at \"myserver.postgres.database.azure.com\" (4.196.124.9), port 5432 failed: timeout expired"}
{"timestamp": "2025-10-21T10:45:39.160658", "target_name": "Azure PostgreSQL", "target_type": "database", "status_change": "down", "details": "Error: Database health check failed: Connection timeout: connection to server at \"myserver.postgres.database.azure.com\" (4.196.124.9), port 5432 failed: timeout expired"}
{"timestamp": "2025-10-21T10:45:39.178261", "target_name": "system", "target_type": "application", "status_change": "running->error", "details": "ヘルスチェック実行中にエラーが発生しました: 'StatusDisplay' object has no attribute 'display_status'"}
{"timestamp": "2025-10-21T10:45:39.178948", "target_name": "system", "target_type": "application", "status_change": "running->shutting_down", "details": "Graceful shutdown initiated"}
{"timestamp": "2025-10-21T10:45:39.179425", "target_name": "GitHub", "target_type": "website", "status_change": "up->shutdown", "details": "Application shutdown - final status recorded"}
{"timestamp": "2025-10-21T10:45:39.179727", "target_name": "Google", "target_type": "website", "status_change": "up->shutdown", "details": "Application shutdown - final status recorded"}
{"timestamp": "2025-10-21T10:45:39.179972", "target_name": "Company API", "target_type": "website", "status_change": "down->shutdown", "details": "Application shutdown - final status recorded"}
{"timestamp": "2025-10-21T10:45:39.180202", "target_name": "Staging DB", "target_type": "database", "status_change": "down->shutdown", "details": "Application shutdown - final status recorded"}
{"timestamp": "2025-10-21T10:45:39.180454", "target_name": "Production DB", "target_type": "database", "status_change": "down->shutdown", "details": "Application shutdown - final status recorded"}
{"timestamp": "2025-10-21T10:45:39.180796", "target_name": "Azure PostgreSQL", "target_type": "database", "status_change": "down->shutdown", "details": "Application shutdown - final status recorded"}
{"timestamp": "2025-10-21T10:45:44.188713", "target_name": "system", "target_type": "application", "status_change": "shutting_down->shutdown_complete", "details": "Graceful shutdown completed successfully"}
